0 info it worked if it ends with ok
1 verbose cli [ '/Users/hollyzhou/.nvm/versions/node/v6.6.0/bin/node',
1 verbose cli   '/Users/hollyzhou/.nvm/versions/node/v6.6.0/bin/npm',
1 verbose cli   'publish' ]
2 info using npm@3.10.3
3 info using node@v6.6.0
4 verbose publish [ '.' ]
5 silly cache add args [ '.', null ]
6 verbose cache add spec .
7 silly cache add parsed spec Result {
7 silly cache add   raw: '.',
7 silly cache add   scope: null,
7 silly cache add   escapedName: null,
7 silly cache add   name: null,
7 silly cache add   rawSpec: '.',
7 silly cache add   spec: '/Volumes/JOB/homework/zigzag',
7 silly cache add   type: 'directory' }
8 verbose addLocalDirectory /Users/hollyzhou/.npm/zigzag/1.0.0/package.tgz not in flight; packing
9 verbose correctMkdir /Users/hollyzhou/.npm correctMkdir not in flight; initializing
10 info lifecycle zigzag@1.0.0~prepublish: zigzag@1.0.0
11 silly lifecycle zigzag@1.0.0~prepublish: no script for prepublish, continuing
12 verbose tar pack [ '/Users/hollyzhou/.npm/zigzag/1.0.0/package.tgz',
12 verbose tar pack   '/Volumes/JOB/homework/zigzag' ]
13 verbose tarball /Users/hollyzhou/.npm/zigzag/1.0.0/package.tgz
14 verbose folder /Volumes/JOB/homework/zigzag
15 verbose addLocalTarball adding from inside cache /Users/hollyzhou/.npm/zigzag/1.0.0/package.tgz
16 verbose correctMkdir /Users/hollyzhou/.npm correctMkdir not in flight; initializing
17 silly cache afterAdd zigzag@1.0.0
18 verbose afterAdd /Users/hollyzhou/.npm/zigzag/1.0.0/package/package.json not in flight; writing
19 verbose correctMkdir /Users/hollyzhou/.npm correctMkdir not in flight; initializing
20 verbose afterAdd /Users/hollyzhou/.npm/zigzag/1.0.0/package/package.json written
21 silly publish { name: 'zigzag',
21 silly publish   version: '1.0.0',
21 silly publish   description: '[![CircleCI](https://circleci.com/gh/marsholly/zigzag_npm.svg?style=shield)](https://circleci.com/gh/marsholly/zigzag_npm)',
21 silly publish   main: 'index.js',
21 silly publish   scripts: { test: 'mocha ./test' },
21 silly publish   keywords: [],
21 silly publish   author: { name: 'Hong Zhou,', email: 'hollyzhou.hi@gmail.com' },
21 silly publish   license: 'ISC',
21 silly publish   devDependencies: { chai: '^3.5.0', mocha: '^3.1.2' },
21 silly publish   readme: '## zigzag\n\n[![CircleCI](https://circleci.com/gh/marsholly/zigzag_npm.svg?style=shield)](https://circleci.com/gh/marsholly/zigzag_npm)\n\nThe code will take a string and make this conversion given a number of rows.\n\n## Install\n\n```bash\n$ npm install zigzag\n```\n\n## Usage\n\n```js\nconst zigzag = require(\'zigzag\');\n\nzigzag("HAVEAGOODDAY",3) // should return "HADAEGODYVOA";\n```\n',
21 silly publish   readmeFilename: 'readme.md',
21 silly publish   gitHead: '95a43b2a8f589b5f2d188dc1d506621fb080983f',
21 silly publish   _id: 'zigzag@1.0.0',
21 silly publish   _shasum: '6fb514c65c792fc40742a487ccb6618a86dce25b',
21 silly publish   _from: '.' }
22 verbose getPublishConfig undefined
23 silly mapToRegistry name zigzag
24 silly mapToRegistry using default registry
25 silly mapToRegistry registry https://registry.npmjs.org/
26 silly mapToRegistry data Result {
26 silly mapToRegistry   raw: 'zigzag',
26 silly mapToRegistry   scope: null,
26 silly mapToRegistry   escapedName: 'zigzag',
26 silly mapToRegistry   name: 'zigzag',
26 silly mapToRegistry   rawSpec: '',
26 silly mapToRegistry   spec: 'latest',
26 silly mapToRegistry   type: 'tag' }
27 silly mapToRegistry uri https://registry.npmjs.org/zigzag
28 verbose publish registryBase https://registry.npmjs.org/
29 silly publish uploading /Users/hollyzhou/.npm/zigzag/1.0.0/package.tgz
30 verbose request uri https://registry.npmjs.org/zigzag
31 verbose request sending authorization for write operation
32 info attempt registry request try #1 at 11:21:28 PM
33 verbose request using bearer token for auth
34 verbose request id db2874f6bdc97858
35 http request PUT https://registry.npmjs.org/zigzag
36 http 403 https://registry.npmjs.org/zigzag
37 verbose headers { 'content-type': 'application/json',
37 verbose headers   'cache-control': 'max-age=300',
37 verbose headers   'content-length': '100',
37 verbose headers   'accept-ranges': 'bytes',
37 verbose headers   date: 'Mon, 31 Oct 2016 06:21:28 GMT',
37 verbose headers   via: '1.1 varnish',
37 verbose headers   connection: 'keep-alive',
37 verbose headers   'x-served-by': 'cache-sea1924-SEA',
37 verbose headers   'x-cache': 'MISS',
37 verbose headers   'x-cache-hits': '0',
37 verbose headers   'x-timer': 'S1477894888.345823,VS0,VE39',
37 verbose headers   vary: 'Accept-Encoding' }
38 verbose request invalidating /Users/hollyzhou/.npm/registry.npmjs.org/zigzag on PUT
39 error publish Failed PUT 403
40 verbose stack Error: you do not have permission to publish "zigzag". Are you logged in as the correct user? : zigzag
40 verbose stack     at makeError (/Users/hollyzhou/.nvm/versions/node/v6.6.0/lib/node_modules/npm/node_modules/npm-registry-client/lib/request.js:264:12)
40 verbose stack     at CachingRegistryClient.<anonymous> (/Users/hollyzhou/.nvm/versions/node/v6.6.0/lib/node_modules/npm/node_modules/npm-registry-client/lib/request.js:252:14)
40 verbose stack     at Request._callback (/Users/hollyzhou/.nvm/versions/node/v6.6.0/lib/node_modules/npm/node_modules/npm-registry-client/lib/request.js:172:14)
40 verbose stack     at Request.self.callback (/Users/hollyzhou/.nvm/versions/node/v6.6.0/lib/node_modules/npm/node_modules/request/request.js:200:22)
40 verbose stack     at emitTwo (events.js:106:13)
40 verbose stack     at Request.emit (events.js:191:7)
40 verbose stack     at Request.<anonymous> (/Users/hollyzhou/.nvm/versions/node/v6.6.0/lib/node_modules/npm/node_modules/request/request.js:1067:10)
40 verbose stack     at emitOne (events.js:101:20)
40 verbose stack     at Request.emit (events.js:188:7)
40 verbose stack     at IncomingMessage.<anonymous> (/Users/hollyzhou/.nvm/versions/node/v6.6.0/lib/node_modules/npm/node_modules/request/request.js:988:12)
41 verbose statusCode 403
42 verbose pkgid zigzag
43 verbose cwd /Volumes/JOB/homework/zigzag
44 error Darwin 15.6.0
45 error argv "/Users/hollyzhou/.nvm/versions/node/v6.6.0/bin/node" "/Users/hollyzhou/.nvm/versions/node/v6.6.0/bin/npm" "publish"
46 error node v6.6.0
47 error npm  v3.10.3
48 error code E403
49 error you do not have permission to publish "zigzag". Are you logged in as the correct user? : zigzag
50 error If you need help, you may report this error at:
50 error     <https://github.com/npm/npm/issues>
51 verbose exit [ 1, true ]
